0 info it worked if it ends with ok
1 verbose cli [ 'node', '/usr/local/bin/npm', 'i' ]
2 info using npm@1.4.3
3 info using node@v0.10.33
4 warn package.json studentreg-group8@1.0.0 No repository field.
5 verbose readDependencies using package.json deps
6 verbose install where, deps [ '/Users/kdao/School/StudentReg_Client',
6 verbose install   [ 'body-parser',
6 verbose install     'error-handler',
6 verbose install     'express',
6 verbose install     'method-override',
6 verbose install     'express-handlebars',
6 verbose install     'request',
6 verbose install     'q',
6 verbose install     'morgan',
6 verbose install     'html-minifier',
6 verbose install     'cookies',
6 verbose install     'csrf-crypto',
6 verbose install     'cookie-parser',
6 verbose install     'dedupe' ] ]
7 info preinstall studentreg-group8@1.0.0
8 verbose readDependencies using package.json deps
9 verbose already installed skipping body-parser@^1.0.2 /Users/kdao/School/StudentReg_Client
10 verbose already installed skipping error-handler@^0.1.4 /Users/kdao/School/StudentReg_Client
11 verbose already installed skipping express@~4.1.1 /Users/kdao/School/StudentReg_Client
12 verbose already installed skipping method-override@^1.0.0 /Users/kdao/School/StudentReg_Client
13 verbose already installed skipping express-handlebars@2.0.1 /Users/kdao/School/StudentReg_Client
14 verbose already installed skipping request@^2.65.0 /Users/kdao/School/StudentReg_Client
15 verbose already installed skipping q@^1.0.0 /Users/kdao/School/StudentReg_Client
16 verbose already installed skipping morgan@^1.0.0 /Users/kdao/School/StudentReg_Client
17 verbose already installed skipping html-minifier@^0.7.2 /Users/kdao/School/StudentReg_Client
18 verbose already installed skipping cookies@^0.5.0 /Users/kdao/School/StudentReg_Client
19 verbose already installed skipping csrf-crypto@^1.0.0 /Users/kdao/School/StudentReg_Client
20 verbose already installed skipping cookie-parser@^1.3.1 /Users/kdao/School/StudentReg_Client
21 verbose cache add [ 'dedupe@^1.0.3', null ]
22 verbose cache add name=undefined spec="dedupe@^1.0.3" args=["dedupe@^1.0.3",null]
23 verbose parsed url { protocol: null,
23 verbose parsed url   slashes: null,
23 verbose parsed url   auth: null,
23 verbose parsed url   host: null,
23 verbose parsed url   port: null,
23 verbose parsed url   hostname: null,
23 verbose parsed url   hash: null,
23 verbose parsed url   search: null,
23 verbose parsed url   query: null,
23 verbose parsed url   pathname: 'dedupe@^1.0.3',
23 verbose parsed url   path: 'dedupe@^1.0.3',
23 verbose parsed url   href: 'dedupe@^1.0.3' }
24 verbose cache add name="dedupe" spec="^1.0.3" args=["dedupe","^1.0.3"]
25 verbose parsed url { protocol: null,
25 verbose parsed url   slashes: null,
25 verbose parsed url   auth: null,
25 verbose parsed url   host: null,
25 verbose parsed url   port: null,
25 verbose parsed url   hostname: null,
25 verbose parsed url   hash: null,
25 verbose parsed url   search: null,
25 verbose parsed url   query: null,
25 verbose parsed url   pathname: '^1.0.3',
25 verbose parsed url   path: '^1.0.3',
25 verbose parsed url   href: '^1.0.3' }
26 verbose addNamed [ 'dedupe', '^1.0.3' ]
27 verbose addNamed [ null, '>=1.0.3-0 <2.0.0-0' ]
28 silly lockFile 19b818b7-dedupe-1-0-3 dedupe@^1.0.3
29 verbose lock dedupe@^1.0.3 /Users/kdao/.npm/19b818b7-dedupe-1-0-3.lock
30 silly addNameRange { name: 'dedupe', range: '>=1.0.3-0 <2.0.0-0', hasData: false }
31 verbose url raw dedupe
32 verbose url resolving [ 'http://npm.corp.coupons.com:4873/', './dedupe' ]
33 verbose url resolved http://npm.corp.coupons.com:4873/dedupe
34 info trying registry request attempt 1 at 11:35:21
35 http GET http://npm.corp.coupons.com:4873/dedupe
36 info retry will retry, error on last attempt: Error: getaddrinfo ENOTFOUND
37 info trying registry request attempt 2 at 11:35:31
38 http GET http://npm.corp.coupons.com:4873/dedupe
39 info retry will retry, error on last attempt: Error: getaddrinfo ENOTFOUND
40 info trying registry request attempt 3 at 11:36:31
41 http GET http://npm.corp.coupons.com:4873/dedupe
42 silly lockFile 19b818b7-dedupe-1-0-3 dedupe@^1.0.3
43 silly lockFile 19b818b7-dedupe-1-0-3 dedupe@^1.0.3
44 error network getaddrinfo ENOTFOUND
44 error network This is most likely not a problem with npm itself
44 error network and is related to network connectivity.
44 error network In most cases you are behind a proxy or have bad network settings.
44 error network
44 error network If you are behind a proxy, please make sure that the
44 error network 'proxy' config is set properly.  See: 'npm help config'
45 error System Darwin 13.4.0
46 error command "node" "/usr/local/bin/npm" "i"
47 error cwd /Users/kdao/School/StudentReg_Client
48 error node -v v0.10.33
49 error npm -v 1.4.3
50 error syscall getaddrinfo
51 error code ENOTFOUND
52 error errno ENOTFOUND
53 verbose exit [ 1, true ]
